error: linking with `cc` failed: exit status: 1
  |
  = note:  "cc" "-m64" "/tmp/rustc5h6gej/symbols.o" "<2 object files omitted>" "-Wl,--as-needed" "-Wl,-Bstatic" "-lprobestack_shim" "/home/davide/Downloads/proj_javescript/wasm-debug-suite/memlayout/target/x86_64-unknown-linux-gnu/debug/deps/{libserde_json-8c616a9e9f8c3761,libitoa-ae5b195b3aa68233,libryu-bd137d051f2c7849,libanyhow-0b2ba8373f951b30,librustyline-a9e3f2b37bf9aea5,libutf8parse-8d65963300c551a6,libnix-fb1eaa8267f2d4c1,libfd_lock-37c253b78b71082e,librustix-f277d97c4540e418,liblinux_raw_sys-6948194f943c67fa,libunicode_segmentation-f53f0dc9771cb074,libhome-42528eb0ce7360b9,libradix_trie-7c72afda93311fed,libnibble_vec-867795a50d56bda8,libendian_type-085c81bdd7ee1fdb,libserde-9c56ec106eb2e634,libserde_core-edfc506900c80a0c,libwasmer-c47897565e325c34,libderive_more-61cb156365972087,libwat-4d592d77b5e11afd,libwast-f66d361b1174d700,libwasm_encoder-cc290e63523ab7c6,libleb128fmt-18452e6d978d3094,libunicode_width-b614a726474b1724,libwasmer_compiler_llvm-6e40714b723e6989,libphf-d245b6a1e6751ffd,libphf_shared-7b0673617b2f2e6c,libsiphasher-4a4b91b884149866,libitertools-8481a0d26ae4b7a2,libinkwell-2711e30402be51a5,libllvm_sys-8dacfab519af960a,libwasmer_compiler_cranelift-eaa2e286db719c7e,libitertools-8780f002c6075d6d,libcranelift_frontend-e088df724c418957,librayon-2d18c65f175595d2,librayon_core-85cce397d56617bd,libcrossbeam_deque-cc82fbc04c515e87,libcrossbeam_epoch-714e45f35c0353eb,libeither-cc8dc4ed94d35215,libcranelift_codegen-66d091a2c35a03ca,libbumpalo-a1020a6d3d134f4d,libcranelift_codegen_shared-bc199fd26b78d53c,libregalloc2-77b9725701a79bc7,libslice_group_by-f578fbc79c47ab4c,libhashbrown-9ce52a48b100137e,librustc_hash-3c46f3e4e70815c7,libgimli-e39157a9650367e3,libcranelift_control-43a3eb1e29b07035,libarbitrary-19e2d94f499341cf,libcranelift_bforest-d542fb3a7d2c9338,libcranelift_entity-2344892ed1c2fac0,libcranelift_bitset-f741100fb05d496c,libtracing-f5e6c347120fbeaf,liblog-ef5593738c2ef02d,libpin_project_lite-34c354f751d77f6f,libtracing_core-accd37da01362c59,libwasmer_compiler-0dcb1bb1d4ce23e9,libwasmparser-3874dde335e1be74,libself_cell-d025d44180746c02,libobject-897eaf54d217e38c,libruzstd-323a3beae67c2fbd,libtwox_hash-27063a14351845e1,libstatic_assertions-3acb126e031da0b8,libflate2-ba308649df92bdde,libcrc32fast-979320ec003c047e,libshared_buffer-d9ab6a069a165373,libmemmap2-c0f1b5901999de6e,libwasmer_vm-4207c5dd7e320fb5,libcrossbeam_queue-dc183cb38732d588,libregion-adbe1726835f3179,libbitflags-26bc0bb7c5175e32,liblibunwind-bab6872434790e99,libcorosensei-1124c79409b7a82c,libbacktrace-88692d25863d54b4,libminiz_oxide-ab1089690ca48c33,libadler2-9659939d8c4dafc2,libobject-89593c652201cfa1,libmemchr-1066999fccb2c3d1,libaddr2line-cc7057056bcf9807,libgimli-592f99ea1a562db4,librustc_demangle-7db9b0445c2324f9,libfnv-c901665f99675346,libdashmap-48ed58a1f2cf3371,liblock_api-3b5052de8c40939c,libscopeguard-430b5c64011ec756,libhashbrown-17acf33b6af7e61a,libahash-e52e1b51db12b74d,libzerocopy-9fd0e96d39598cce,libonce_cell-2eca76f38514d4b5,libcrossbeam_utils-ca7b57651c7cb229,libparking_lot_core-570e5f7b8b814044,liblibc-3cd24d12734afa72,libsmallvec-a288b1f88ee5b736,libmemoffset-9333923fbaa30b66,libwasmer_types-bedaa31a10c34ab0,libxxhash_rust-fe60e004db005129,libhex-c725ca56b01bca73,libmore_asserts-691d4d222e6dc58d,libtarget_lexicon-5a5fdc1e1ffe6cef,libenumset-bae8b754634a852e,libsha2-8566e30ede2f95b1,libcpufeatures-1d49beead99e0aff,libcfg_if-f4a7ac174c553117,libdigest-c3981583f9408620,libblock_buffer-4dff1c937926f272,libcrypto_common-f1ceed99f71c0079,libgeneric_array-63659b545ddcd0d4,libtypenum-4b7e6a92cc3f10e0,libenum_iterator-0f27e164c89deb28,librkyv-c70d0bfc65a8160a,librend-5db1647875d1f9ce,libmunge-981f384603af4651,libbytecheck-c202a59dde832711,libsimdutf8-b83acd222db44fe7,librancor-9590f96da2af9db5,libptr_meta-0590d652e45ef8bd,libthiserror-b032ce64d577da3a,libbytes-baf48cea54d3d70b,libthiserror-ed7bf63bc217be44,libwasmparser-9ede4df5bb7e494f,libsemver-90bd5f9b5d952ded,libbitflags-6d013d9ee4dcf5c9,libgimli-c03b655d982162a9,libfallible_iterator-a58439425580a70a,libindexmap-b20e8b4c383bb571,libequivalent-42182fac63805136,libhashbrown-1ffbc4501dc65ab4,libstable_deref_trait-978e42b538f99fd4,libbyteorder-000726bae4d2b4a9}.rlib" "<sysroot>/lib/rustlib/x86_64-unknown-linux-gnu/lib/{libstd-*,libpanic_unwind-*,libobject-*,libmemchr-*,libaddr2line-*,libgimli-*,librustc_demangle-*,libstd_detect-*,libhashbrown-*,librustc_std_workspace_alloc-*,libminiz_oxide-*,libadler2-*,libunwind-*,libcfg_if-*,liblibc-*,librustc_std_workspace_core-*,liballoc-*,libcore-*,libcompiler_builtins-*}.rlib" "-Wl,-Bdynamic" "-lffi" "-lrt" "-ldl" "-lm" "-lz" "-lzstd" "-ltinfo" "-lxml2" "-lstdc++" "-lgcc_s" "-lutil" "-lrt" "-lpthread" "-lm" "-ldl" "-lc" "-L" "/tmp/rustc5h6gej/raw-dylibs" "-B<sysroot>/lib/rustlib/x86_64-unknown-linux-gnu/bin/gcc-ld" "-fuse-ld=lld" "-Wl,--eh-frame-hdr" "-Wl,-z,noexecstack" "-L" "/home/davide/Downloads/proj_javescript/wasm-debug-suite/memlayout/target/x86_64-unknown-linux-gnu/debug/build/memlayout-eecc682257c62f84/out" "-L" "/home/davide/Downloads/proj_javescript/wasm-debug-suite/memlayout/target/x86_64-unknown-linux-gnu/debug/build/llvm-sys-ed68ad3c376b98d4/out" "-L" "/usr/lib/llvm-18/lib" "-L" "/usr/lib/llvm-18/lib" "-L" "<sysroot>/lib/rustlib/x86_64-unknown-linux-gnu/lib" "-o" "/home/davide/Downloads/proj_javescript/wasm-debug-suite/memlayout/target/x86_64-unknown-linux-gnu/debug/deps/memlayout-cc3b602077cb3309" "-Wl,--gc-sections" "-pie" "-Wl,-z,relro,-z,now" "-nodefaultlibs" "-Wl,--whole-archive" "-Wl,--no-as-needed" "-Wl,--allow-multiple-definition"
  = note: some arguments are omitted. use `--verbose` to show all linker arguments
  = note: rust-lld: error: undefined symbol: llvm::PassBuilder::crossRegisterProxies(llvm::AnalysisManager<llvm::Loop, llvm::LoopStandardAnalysisResults&>&, llvm::AnalysisManager<llvm::Function>&, llvm::AnalysisManager<llvm::LazyCallGraph::SCC, llvm::LazyCallGraph&>&, llvm::AnalysisManager<llvm::Module>&, llvm::AnalysisManager<llvm::MachineFunction>*)
          >>> referenced by ScopInliner.cpp.o:((anonymous namespace)::ScopInliner::runOnSCC(llvm::CallGraphSCC&)) in archive /home/davide/Downloads/proj_javescript/wasm-debug-suite/memlayout/target/x86_64-unknown-linux-gnu/debug/deps/libllvm_sys-8dacfab519af960a.rlib
          
          rust-lld: error: undefined symbol: llvm::CleanupInstaller::~CleanupInstaller()
          >>> referenced by DumpFunctionPass.cpp.o:((anonymous namespace)::runDumpFunction(llvm::Function&, llvm::StringRef)) in archive /home/davide/Downloads/proj_javescript/wasm-debug-suite/memlayout/target/x86_64-unknown-linux-gnu/debug/deps/libllvm_sys-8dacfab519af960a.rlib
          >>> referenced by DumpModulePass.cpp.o:((anonymous namespace)::runDumpModule(llvm::Module&, llvm::StringRef, bool)) in archive /home/davide/Downloads/proj_javescript/wasm-debug-suite/memlayout/target/x86_64-unknown-linux-gnu/debug/deps/libllvm_sys-8dacfab519af960a.rlib
          >>> referenced by JSONExporter.cpp.o:(exportScop(polly::Scop&)) in archive /home/davide/Downloads/proj_javescript/wasm-debug-suite/memlayout/target/x86_64-unknown-linux-gnu/debug/deps/libllvm_sys-8dacfab519af960a.rlib
          
          rust-lld: error: undefined symbol: llvm::BinaryOperator::Create(llvm::Instruction::BinaryOps, llvm::Value*, llvm::Value*, llvm::Twine const&, llvm::InsertPosition)
          >>> referenced by PerfMonitor.cpp.o:(polly::PerfMonitor::insertFinalReporting()) in archive /home/davide/Downloads/proj_javescript/wasm-debug-suite/memlayout/target/x86_64-unknown-linux-gnu/debug/deps/libllvm_sys-8dacfab519af960a.rlib
          >>> referenced by PerfMonitor.cpp.o:(polly::PerfMonitor::insertRegionEnd(llvm::Instruction*)) in archive /home/davide/Downloads/proj_javescript/wasm-debug-suite/memlayout/target/x86_64-unknown-linux-gnu/debug/deps/libllvm_sys-8dacfab519af960a.rlib
          >>> referenced by PerfMonitor.cpp.o:(polly::PerfMonitor::insertRegionEnd(llvm::Instruction*)) in archive /home/davide/Downloads/proj_javescript/wasm-debug-suite/memlayout/target/x86_64-unknown-linux-gnu/debug/deps/libllvm_sys-8dacfab519af960a.rlib
          >>> referenced 25 more times
          
          rust-lld: error: undefined symbol: llvm::ReturnInst::ReturnInst(llvm::LLVMContext&, llvm::Value*, llvm::InsertPosition)
          >>> referenced by PerfMonitor.cpp.o:(polly::PerfMonitor::insertFinalReporting()) in archive /home/davide/Downloads/proj_javescript/wasm-debug-suite/memlayout/target/x86_64-unknown-linux-gnu/debug/deps/libllvm_sys-8dacfab519af960a.rlib
          >>> referenced by PerfMonitor.cpp.o:(polly::PerfMonitor::insertFinalReporting()) in archive /home/davide/Downloads/proj_javescript/wasm-debug-suite/memlayout/target/x86_64-unknown-linux-gnu/debug/deps/libllvm_sys-8dacfab519af960a.rlib
          >>> referenced by PerfMonitor.cpp.o:(polly::PerfMonitor::AppendScopReporting()) in archive /home/davide/Downloads/proj_javescript/wasm-debug-suite/memlayout/target/x86_64-unknown-linux-gnu/debug/deps/libllvm_sys-8dacfab519af960a.rlib
          >>> referenced 4 more times
          
          rust-lld: error: undefined symbol: llvm::BranchInst::BranchInst(llvm::BasicBlock*, llvm::BasicBlock*, llvm::Value*, llvm::InsertPosition)
          >>> referenced by PerfMonitor.cpp.o:(polly::PerfMonitor::insertInitFunction(llvm::Function*)) in archive /home/davide/Downloads/proj_javescript/wasm-debug-suite/memlayout/target/x86_64-unknown-linux-gnu/debug/deps/libllvm_sys-8dacfab519af960a.rlib
          >>> referenced by LoopGeneratorsGOMP.cpp.o:(polly::ParallelLoopGeneratorGOMP::createSubFn(llvm::Value*, llvm::AllocaInst*, llvm::SetVector<llvm::Value*, llvm::SmallVector<llvm::Value*, 0u>, llvm::DenseSet<llvm::Value*, llvm::DenseMapInfo<llvm::Value*, void>>, 0u>, llvm::DenseMap<llvm::AssertingVH<llvm::Value>, llvm::AssertingVH<llvm::Value>, llvm::DenseMapInfo<llvm::AssertingVH<llvm::Value>, void>, llvm::detail::DenseMapPair<llvm::AssertingVH<llvm::Value>, llvm::AssertingVH<llvm::Value>>>&)) in archive /home/davide/Downloads/proj_javescript/wasm-debug-suite/memlayout/target/x86_64-unknown-linux-gnu/debug/deps/libllvm_sys-8dacfab519af960a.rlib
          >>> referenced by LoopGeneratorsKMP.cpp.o:(polly::ParallelLoopGeneratorKMP::createSubFn(llvm::Value*, llvm::AllocaInst*, llvm::SetVector<llvm::Value*, llvm::SmallVector<llvm::Value*, 0u>, llvm::DenseSet<llvm::Value*, llvm::DenseMapInfo<llvm::Value*, void>>, 0u>, llvm::DenseMap<llvm::AssertingVH<llvm::Value>, llvm::AssertingVH<llvm::Value>, llvm::DenseMapInfo<llvm::AssertingVH<llvm::Value>, void>, llvm::detail::DenseMapPair<llvm::AssertingVH<llvm::Value>, llvm::AssertingVH<llvm::Value>>>&)) in archive /home/davide/Downloads/proj_javescript/wasm-debug-suite/memlayout/target/x86_64-unknown-linux-gnu/debug/deps/libllvm_sys-8dacfab519af960a.rlib
          >>> referenced 9 more times
          
          rust-lld: error: undefined symbol: llvm::BranchInst::BranchInst(llvm::BasicBlock*, llvm::InsertPosition)
          >>> referenced by LoopGeneratorsGOMP.cpp.o:(polly::ParallelLoopGeneratorGOMP::createSubFn(llvm::Value*, llvm::AllocaInst*, llvm::SetVector<llvm::Value*, llvm::SmallVector<llvm::Value*, 0u>, llvm::DenseSet<llvm::Value*, llvm::DenseMapInfo<llvm::Value*, void>>, 0u>, llvm::DenseMap<llvm::AssertingVH<llvm::Value>, llvm::AssertingVH<llvm::Value>, llvm::DenseMapInfo<llvm::AssertingVH<llvm::Value>, void>, llvm::detail::DenseMapPair<llvm::AssertingVH<llvm::Value>, llvm::AssertingVH<llvm::Value>>>&)) in archive /home/davide/Downloads/proj_javescript/wasm-debug-suite/memlayout/target/x86_64-unknown-linux-gnu/debug/deps/libllvm_sys-8dacfab519af960a.rlib
          >>> referenced by LoopGeneratorsGOMP.cpp.o:(polly::ParallelLoopGeneratorGOMP::createSubFn(llvm::Value*, llvm::AllocaInst*, llvm::SetVector<llvm::Value*, llvm::SmallVector<llvm::Value*, 0u>, llvm::DenseSet<llvm::Value*, llvm::DenseMapInfo<llvm::Value*, void>>, 0u>, llvm::DenseMap<llvm::AssertingVH<llvm::Value>, llvm::AssertingVH<llvm::Value>, llvm::DenseMapInfo<llvm::AssertingVH<llvm::Value>, void>, llvm::detail::DenseMapPair<llvm::AssertingVH<llvm::Value>, llvm::AssertingVH<llvm::Value>>>&)) in archive /home/davide/Downloads/proj_javescript/wasm-debug-suite/memlayout/target/x86_64-unknown-linux-gnu/debug/deps/libllvm_sys-8dacfab519af960a.rlib
          >>> referenced by LoopGeneratorsKMP.cpp.o:(polly::ParallelLoopGeneratorKMP::createSubFn(llvm::Value*, llvm::AllocaInst*, llvm::SetVector<llvm::Value*, llvm::SmallVector<llvm::Value*, 0u>, llvm::DenseSet<llvm::Value*, llvm::DenseMapInfo<llvm::Value*, void>>, 0u>, llvm::DenseMap<llvm::AssertingVH<llvm::Value>, llvm::AssertingVH<llvm::Value>, llvm::DenseMapInfo<llvm::AssertingVH<llvm::Value>, void>, llvm::detail::DenseMapPair<llvm::AssertingVH<llvm::Value>, llvm::AssertingVH<llvm::Value>>>&)) in archive /home/davide/Downloads/proj_javescript/wasm-debug-suite/memlayout/target/x86_64-unknown-linux-gnu/debug/deps/libllvm_sys-8dacfab519af960a.rlib
          >>> referenced 8 more times
          
          rust-lld: error: undefined symbol: llvm::CastInst::Create(llvm::Instruction::CastOps, llvm::Value*, llvm::Type*, llvm::Twine const&, llvm::InsertPosition)
          >>> referenced by LoopGeneratorsGOMP.cpp.o:(polly::ParallelLoopGeneratorGOMP::createSubFn(llvm::Value*, llvm::AllocaInst*, llvm::SetVector<llvm::Value*, llvm::SmallVector<llvm::Value*, 0u>, llvm::DenseSet<llvm::Value*, llvm::DenseMapInfo<llvm::Value*, void>>, 0u>, llvm::DenseMap<llvm::AssertingVH<llvm::Value>, llvm::AssertingVH<llvm::Value>, llvm::DenseMapInfo<llvm::AssertingVH<llvm::Value>, void>, llvm::detail::DenseMapPair<llvm::AssertingVH<llvm::Value>, llvm::AssertingVH<llvm::Value>>>&)) in archive /home/davide/Downloads/proj_javescript/wasm-debug-suite/memlayout/target/x86_64-unknown-linux-gnu/debug/deps/libllvm_sys-8dacfab519af960a.rlib
          >>> referenced by IslExprBuilder.cpp.o:(llvm::IRBuilderBase::CreateSExtOrTrunc(llvm::Value*, llvm::Type*, llvm::Twine const&)) in archive /home/davide/Downloads/proj_javescript/wasm-debug-suite/memlayout/target/x86_64-unknown-linux-gnu/debug/deps/libllvm_sys-8dacfab519af960a.rlib
          
          rust-lld: error: undefined symbol: llvm::CastInst::CreatePointerBitCastOrAddrSpaceCast(llvm::Value*, llvm::Type*, llvm::Twine const&, llvm::InsertPosition)
          >>> referenced by LoopGeneratorsKMP.cpp.o:(llvm::IRBuilderBase::CreatePointerBitCastOrAddrSpaceCast(llvm::Value*, llvm::Type*, llvm::Twine const&)) in archive /home/davide/Downloads/proj_javescript/wasm-debug-suite/memlayout/target/x86_64-unknown-linux-gnu/debug/deps/libllvm_sys-8dacfab519af960a.rlib
          
          rust-lld: error: undefined symbol: llvm::SplitBlock(llvm::BasicBlock*, llvm::ilist_iterator_w_bits<llvm::ilist_detail::node_options<llvm::Instruction, false, false, void, true, llvm::BasicBlock>, false, false>, llvm::DominatorTree*, llvm::LoopInfo*, llvm::MemorySSAUpdater*, llvm::Twine const&, bool)
          >>> referenced by LoopGenerators.cpp.o:(polly::createLoop(llvm::Value*, llvm::Value*, llvm::Value*, llvm::IRBuilder<llvm::ConstantFolder, polly::IRInserter>&, llvm::LoopInfo&, llvm::DominatorTree&, llvm::BasicBlock*&, llvm::CmpInst::Predicate, polly::ScopAnnotator*, bool, bool, bool)) in archive /home/davide/Downloads/proj_javescript/wasm-debug-suite/memlayout/target/x86_64-unknown-linux-gnu/debug/deps/libllvm_sys-8dacfab519af960a.rlib
          >>> referenced by IslExprBuilder.cpp.o:(polly::IslExprBuilder::createOpBooleanConditional(isl_ast_expr*)) in archive /home/davide/Downloads/proj_javescript/wasm-debug-suite/memlayout/target/x86_64-unknown-linux-gnu/debug/deps/libllvm_sys-8dacfab519af960a.rlib
          >>> referenced by BlockGenerators.cpp.o:(polly::BlockGenerator::copyBB(polly::ScopStmt&, llvm::BasicBlock*, llvm::DenseMap<llvm::AssertingVH<llvm::Value>, llvm::AssertingVH<llvm::Value>, llvm::DenseMapInfo<llvm::AssertingVH<llvm::Value>, void>, llvm::detail::DenseMapPair<llvm::AssertingVH<llvm::Value>, llvm::AssertingVH<llvm::Value>>>&, llvm::DenseMap<llvm::Loop const*, llvm::SCEV const*, llvm::DenseMapInfo<llvm::Loop const*, void>, llvm::detail::DenseMapPair<llvm::Loop const*, llvm::SCEV const*>>&, isl_id_to_ast_expr*)) in archive /home/davide/Downloads/proj_javescript/wasm-debug-suite/memlayout/target/x86_64-unknown-linux-gnu/debug/deps/libllvm_sys-8dacfab519af960a.rlib
          >>> referenced 10 more times
          
          rust-lld: error: undefined symbol: llvm::AllocaInst::AllocaInst(llvm::Type*, unsigned int, llvm::Value*, llvm::Twine const&, llvm::InsertPosition)
          >>> referenced by LoopGenerators.cpp.o:(polly::ParallelLoopGenerator::storeValuesIntoStruct(llvm::SetVector<llvm::Value*, llvm::SmallVector<llvm::Value*, 0u>, llvm::DenseSet<llvm::Value*, llvm::DenseMapInfo<llvm::Value*, void>>, 0u>&)) in archive /home/davide/Downloads/proj_javescript/wasm-debug-suite/memlayout/target/x86_64-unknown-linux-gnu/debug/deps/libllvm_sys-8dacfab519af960a.rlib
          
          rust-lld: error: undefined symbol: llvm::IRBuilderBase::CreateGlobalString(llvm::StringRef, llvm::Twine const&, unsigned int, llvm::Module*, bool)
          >>> referenced by RuntimeDebugBuilder.cpp.o:(llvm::IRBuilderBase::CreateGlobalStringPtr(llvm::StringRef, llvm::Twine const&, unsigned int, llvm::Module*, bool)) in archive /home/davide/Downloads/proj_javescript/wasm-debug-suite/memlayout/target/x86_64-unknown-linux-gnu/debug/deps/libllvm_sys-8dacfab519af960a.rlib
          
          rust-lld: error: undefined symbol: llvm::ConstantExpr::getGetElementPtr(llvm::Type*, llvm::Constant*, llvm::ArrayRef<llvm::Value*>, llvm::GEPNoWrapFlags, std::optional<llvm::ConstantRange>, llvm::Type*)
          >>> referenced by RuntimeDebugBuilder.cpp.o:(llvm::ConstantExpr::getGetElementPtr(llvm::Type*, llvm::Constant*, llvm::ArrayRef<llvm::Constant*>, llvm::GEPNoWrapFlags, std::optional<llvm::ConstantRange>, llvm::Type*)) in archive /home/davide/Downloads/proj_javescript/wasm-debug-suite/memlayout/target/x86_64-unknown-linux-gnu/debug/deps/libllvm_sys-8dacfab519af960a.rlib
          
          rust-lld: error: undefined symbol: llvm::GetElementPtrInst::setNoWrapFlags(llvm::GEPNoWrapFlags)
          >>> referenced by IslExprBuilder.cpp.o:(llvm::IRBuilderBase::CreateGEP(llvm::Type*, llvm::Value*, llvm::ArrayRef<llvm::Value*>, llvm::Twine const&, llvm::GEPNoWrapFlags)) in archive /home/davide/Downloads/proj_javescript/wasm-debug-suite/memlayout/target/x86_64-unknown-linux-gnu/debug/deps/libllvm_sys-8dacfab519af960a.rlib
          
          rust-lld: error: undefined symbol: llvm::Instruction::Instruction(llvm::Type*, unsigned int, llvm::Use*, unsigned int, llvm::InsertPosition)
          >>> referenced by IslExprBuilder.cpp.o:(llvm::ExtractValueInst::Create(llvm::Value*, llvm::ArrayRef<unsigned int>, llvm::Twine const&, llvm::InsertPosition)) in archive /home/davide/Downloads/proj_javescript/wasm-debug-suite/memlayout/target/x86_64-unknown-linux-gnu/debug/deps/libllvm_sys-8dacfab519af960a.rlib
          >>> referenced by IslExprBuilder.cpp.o:(llvm::GetElementPtrInst::Create(llvm::Type*, llvm::Value*, llvm::ArrayRef<llvm::Value*>, llvm::Twine const&, llvm::InsertPosition)) in archive /home/davide/Downloads/proj_javescript/wasm-debug-suite/memlayout/target/x86_64-unknown-linux-gnu/debug/deps/libllvm_sys-8dacfab519af960a.rlib
          >>> referenced by BlockGenerators.cpp.o:(polly::BlockGenerator::createScalarFinalization(polly::Scop&)) in archive /home/davide/Downloads/proj_javescript/wasm-debug-suite/memlayout/target/x86_64-unknown-linux-gnu/debug/deps/libllvm_sys-8dacfab519af960a.rlib
          >>> referenced 3 more times
          
          rust-lld: error: undefined symbol: llvm::Function::getDataLayout() const
          >>> referenced by BlockGenerators.cpp.o:(polly::BlockGenerator::trySynthesizeNewValue(polly::ScopStmt&, llvm::Value*, llvm::DenseMap<llvm::AssertingVH<llvm::Value>, llvm::AssertingVH<llvm::Value>, llvm::DenseMapInfo<llvm::AssertingVH<llvm::Value>, void>, llvm::detail::DenseMapPair<llvm::AssertingVH<llvm::Value>, llvm::AssertingVH<llvm::Value>>>&, llvm::DenseMap<llvm::Loop const*, llvm::SCEV const*, llvm::DenseMapInfo<llvm::Loop const*, void>, llvm::detail::DenseMapPair<llvm::Loop const*, llvm::SCEV const*>>&, llvm::Loop*) const) in archive /home/davide/Downloads/proj_javescript/wasm-debug-suite/memlayout/target/x86_64-unknown-linux-gnu/debug/deps/libllvm_sys-8dacfab519af960a.rlib
          >>> referenced by CodeGeneration.cpp.o:(generateCode(polly::Scop&, polly::IslAstInfo&, llvm::LoopInfo&, llvm::DominatorTree&, llvm::ScalarEvolution&, llvm::RegionInfo&)) in archive /home/davide/Downloads/proj_javescript/wasm-debug-suite/memlayout/target/x86_64-unknown-linux-gnu/debug/deps/libllvm_sys-8dacfab519af960a.rlib
          >>> referenced by CodeGeneration.cpp.o:((anonymous namespace)::CodeGeneration::runOnScop(polly::Scop&)) in archive /home/davide/Downloads/proj_javescript/wasm-debug-suite/memlayout/target/x86_64-unknown-linux-gnu/debug/deps/libllvm_sys-8dacfab519af960a.rlib
          >>> referenced 2 more times
          
          rust-lld: error: undefined symbol: llvm::SplitBlockAndInsertIfThen(llvm::Value*, llvm::ilist_iterator_w_bits<llvm::ilist_detail::node_options<llvm::Instruction, false, false, void, true, llvm::BasicBlock>, false, false>, bool, llvm::MDNode*, llvm::DomTreeUpdater*, llvm::LoopInfo*, llvm::BasicBlock*)
          >>> referenced by BlockGenerators.cpp.o:(polly::BlockGenerator::generateConditionalExecution(polly::ScopStmt&, isl::set const&, llvm::StringRef, std::function<void ()> const&)) in archive /home/davide/Downloads/proj_javescript/wasm-debug-suite/memlayout/target/x86_64-unknown-linux-gnu/debug/deps/libllvm_sys-8dacfab519af960a.rlib
          
          rust-lld: error: undefined symbol: llvm::BasicBlock::getDataLayout() const
          >>> referenced by BlockGenerators.cpp.o:(polly::BlockGenerator::getOrCreateAlloca(polly::ScopArrayInfo const*)) in archive /home/davide/Downloads/proj_javescript/wasm-debug-suite/memlayout/target/x86_64-unknown-linux-gnu/debug/deps/libllvm_sys-8dacfab519af960a.rlib
          
          rust-lld: error: undefined symbol: llvm::AllocaInst::AllocaInst(llvm::Type*, unsigned int, llvm::Value*, llvm::Align, llvm::Twine const&, llvm::InsertPosition)
          >>> referenced by BlockGenerators.cpp.o:(polly::BlockGenerator::getOrCreateAlloca(polly::ScopArrayInfo const*)) in archive /home/davide/Downloads/proj_javescript/wasm-debug-suite/memlayout/target/x86_64-unknown-linux-gnu/debug/deps/libllvm_sys-8dacfab519af960a.rlib
          
          rust-lld: error: undefined symbol: llvm::InsertPosition::InsertPosition(llvm::BasicBlock*)
          >>> referenced by BlockGenerators.cpp.o:(polly::RegionGenerator::copyStmt(polly::ScopStmt&, llvm::DenseMap<llvm::Loop const*, llvm::SCEV const*, llvm::DenseMapInfo<llvm::Loop const*, void>, llvm::detail::DenseMapPair<llvm::Loop const*, llvm::SCEV const*>>&, isl_id_to_ast_expr*)) in archive /home/davide/Downloads/proj_javescript/wasm-debug-suite/memlayout/target/x86_64-unknown-linux-gnu/debug/deps/libllvm_sys-8dacfab519af960a.rlib
          
          rust-lld: error: undefined symbol: llvm::UnreachableInst::UnreachableInst(llvm::LLVMContext&, llvm::InsertPosition)
          >>> referenced by BlockGenerators.cpp.o:(polly::RegionGenerator::copyStmt(polly::ScopStmt&, llvm::DenseMap<llvm::Loop const*, llvm::SCEV const*, llvm::DenseMapInfo<llvm::Loop const*, void>, llvm::detail::DenseMapPair<llvm::Loop const*, llvm::SCEV const*>>&, isl_id_to_ast_expr*)) in archive /home/davide/Downloads/proj_javescript/wasm-debug-suite/memlayout/target/x86_64-unknown-linux-gnu/debug/deps/libllvm_sys-8dacfab519af960a.rlib
          >>> referenced by CodeGeneration.cpp.o:(polly::markBlockUnreachable(llvm::BasicBlock&, llvm::IRBuilder<llvm::ConstantFolder, polly::IRInserter>&)) in archive /home/davide/Downloads/proj_javescript/wasm-debug-suite/memlayout/target/x86_64-unknown-linux-gnu/debug/deps/libllvm_sys-8dacfab519af960a.rlib
          
          rust-lld: error: too many errors emitted, stopping now (use --error-limit=0 to see all errors)
          collect2: error: ld returned 1 exit status
          

warning: `memlayout` (bin "memlayout") generated 55 warnings
warning: memlayout@0.1.0: ðŸ”— Using LLVM 18 from /usr/lib/llvm-18
warning: memlayout@0.1.0: âœ… probestack shim compiled and linked
error: could not compile `memlayout` (bin "memlayout") due to 1 previous error; 55 warnings emitted
