error: linking with `cc` failed: exit status: 1
  |
  = note:  "cc" "-m64" "/tmp/rustc1NAJNl/symbols.o" "<2 object files omitted>" "-Wl,--as-needed" "-Wl,-Bdynamic" "-lstdc++" "-lffi" "-lz" "-lzstd" "-lxml2" "-lrt" "-ldl" "-lm" "-Wl,-Bstatic" "/home/davide/Downloads/proj_javescript/wasm-debug-suite/memlayout/target/debug/deps/{libserde_json-089288f8150a1a49,libitoa-ac046c30565b729c,libryu-e96967e2cb7d8ce1,libanyhow-6a20a1a0cac627fd,librustyline-0d9ec5752b7d646d,libutf8parse-d612d83b41ca1280,libnix-3715c3720e27bb9b,libfd_lock-96ec6d258ba85799,librustix-6e72cc62a2c3cec4,liblinux_raw_sys-a04f47cb4b352f57,libunicode_segmentation-7e1177887118920d,libhome-6a39db941a1cc687,libradix_trie-b3857b6b3cc3354c,libnibble_vec-4356ec5ff96d595a,libendian_type-6afeb2c09214259a,libserde-d1c03694d15c3a8c,libserde_core-ac5974ee2d94e035,libwasmer-b76d7762c7568c7e,libderive_more-6d5c95fcc8f75430,libwat-02931c63083bf8b7,libwast-a4e2f828d726a0be,libwasm_encoder-d2138a8f5d676578,libleb128fmt-2d025ca0acdacf8b,libunicode_width-04bae3c4ea987607,libwasmer_compiler_llvm-dc9956685a93b2ff,libphf-5cae5e50f40bf8fd,libphf_shared-f84ce6f3f8e044d7,libsiphasher-361b731b991b67a8,libitertools-d54e70fa92467315,libinkwell-5be93210e7acef6b,libllvm_sys-559f3f104210a677,libwasmer_compiler_cranelift-d923fc8b74bab615,libitertools-fdbac05f4f980995,libcranelift_frontend-28121c348cf8cee6,librayon-a79c1a78ab79a4cb,librayon_core-e6530378fd20bed3,libcrossbeam_deque-5887679653c778e6,libcrossbeam_epoch-93017f3b632afe1e,libeither-a874d1265056d72d,libcranelift_codegen-7b3a92be168314d0,libbumpalo-c46afcd8ccc0232d,libcranelift_codegen_shared-fdd123ebeb74544e,libregalloc2-2b98b05546f33a45,libslice_group_by-a9ca1cdb54671d04,libhashbrown-3d877ffaa28e3d8d,librustc_hash-db939fc30e25b846,libgimli-37698e1228741673,libcranelift_control-cb71a0728d61d9e3,libarbitrary-114e5d74606b4efa,libcranelift_bforest-9217dc8296255f0c,libcranelift_entity-dc3f66dbcafc971e,libcranelift_bitset-ecaa539ae3a351a0,libtracing-ce3b30dcb4c28766,liblog-8ed46d8b69e7c9b0,libpin_project_lite-3e34b117e8e4c3e0,libtracing_core-eb205204a5729278,libwasmer_compiler-c965725651293eb9,libwasmparser-7591e82a24e89dc6,libself_cell-8d5ec9a6ac0cb4d6,libobject-8d3a20bbfa933520,libruzstd-6818064dde51c509,libtwox_hash-7d90547a1a53440f,libstatic_assertions-35555b0e607b3756,libflate2-6772e20bc83e8bba,libcrc32fast-beaed0f919629d89,libshared_buffer-fbe7058d1be8e4c8,libmemmap2-53f5365e2324ae71,libwasmer_vm-4758504d63bef672,libcrossbeam_queue-ef9ed074bbe9abbc,libregion-f121f3228c3caa2c,libbitflags-719ef121b46668d7,liblibunwind-bdb18611dc5ffc8a,libcorosensei-6b8f289496221b76,libbacktrace-2fe69fa308d2be57,libminiz_oxide-eaf8b2448fe2c3e7,libadler2-9dec0a1aefce69e6,libobject-8611c6c5ebc447b3,libmemchr-93bfa65e3fcca223,libaddr2line-32670fde5a7f1ab4,libgimli-3b29bef9862a4de3,librustc_demangle-e529926c86af0382,libfnv-d8e7416b39408c12,libdashmap-1a2a69bb1ca85ad5,liblock_api-623db85b6dd10f45,libscopeguard-4ed4c799d955ccef,libhashbrown-094099d89f097b1f,libahash-df863066f29c9be2,libzerocopy-bb1781597a929249,libonce_cell-c9dcb3ef89c9b7a5,libcrossbeam_utils-5535cd48efb28d1a,libparking_lot_core-c57d7100d5cbc6f1,liblibc-0140d34b435aef68,libsmallvec-b8773d6c99a686ba,libmemoffset-d3e9a55a70942749,libwasmer_types-4f0d4bf7a4b04407,libxxhash_rust-641e77e2a3691591,libhex-0096089b21576afe,libmore_asserts-a6360bbe4686ed1c,libtarget_lexicon-707bff508d54b126,libenumset-3acaf6b182f5b613,libsha2-ca467fb59c4c2309,libcpufeatures-2b291cb020de749d,libcfg_if-c9e7edce149c20b7,libdigest-98efed81fb1072f3,libblock_buffer-9e940bf618c14891,libcrypto_common-df137e23f73614d1,libgeneric_array-85bc03e2e6a9b2df,libtypenum-305e048e7a9652d5,libenum_iterator-b78f8f65ec8bc707,librkyv-96d3c4a90b0bb9b4,librend-bb8a0a44ecffa751,libmunge-bb89d87f2efee007,libbytecheck-4a2c63707a944950,libsimdutf8-6ce85442716c2fe7,librancor-7ef77c17896b7d3c,libptr_meta-2ebe44fa3c4bc3b5,libthiserror-5319cb4d9f8702e2,libbytes-d1694d4376e49166,libthiserror-dbaa851964061227,libwasmparser-f59379aebc8f25bb,libsemver-821edf3e0fe0f708,libbitflags-8c0c1125be291367,libgimli-b41412d17f0c4a37,libfallible_iterator-23b7fc77caf3813c,libindexmap-b4408afe50f8ff87,libequivalent-41e689675118db75,libhashbrown-7d9501495ac36667,libstable_deref_trait-f00594c9d8067311,libbyteorder-55ac418434db558c}.rlib" "<sysroot>/lib/rustlib/x86_64-unknown-linux-gnu/lib/{libstd-*,libpanic_unwind-*,libobject-*,libmemchr-*,libaddr2line-*,libgimli-*,librustc_demangle-*,libstd_detect-*,libhashbrown-*,librustc_std_workspace_alloc-*,libminiz_oxide-*,libadler2-*,libunwind-*,libcfg_if-*,liblibc-*,librustc_std_workspace_core-*,liballoc-*,libcore-*,libcompiler_builtins-*}.rlib" "-Wl,-Bdynamic" "-lffi" "-lrt" "-ldl" "-lm" "-lz" "-lzstd" "-ltinfo" "-lxml2" "-lstdc++" "-lgcc_s" "-lutil" "-lrt" "-lpthread" "-lm" "-ldl" "-lc" "-L" "/tmp/rustc1NAJNl/raw-dylibs" "-B<sysroot>/lib/rustlib/x86_64-unknown-linux-gnu/bin/gcc-ld" "-fuse-ld=lld" "-Wl,--eh-frame-hdr" "-Wl,-z,noexecstack" "-L" "/home/davide/Downloads/proj_javescript/wasm-debug-suite/memlayout/target/debug/build/llvm-sys-41bc5cf81d453c16/out" "-L" "/usr/lib/llvm-18/lib" "-L" "/usr/lib/llvm-18/lib" "-L" "<sysroot>/lib/rustlib/x86_64-unknown-linux-gnu/lib" "-o" "/home/davide/Downloads/proj_javescript/wasm-debug-suite/memlayout/target/debug/deps/memlayout-bf7289c887b23d91" "-Wl,--gc-sections" "-pie" "-Wl,-z,relro,-z,now" "-nodefaultlibs"
  = note: some arguments are omitted. use `--verbose` to show all linker arguments
  = note: rust-lld: error: undefined symbol: __rust_probestack
          >>> referenced by libcalls.rs:935 (src/libcalls.rs:935)
          >>>               wasmer_vm-4758504d63bef672.wasmer_vm.851f029050f0967b-cgu.0.rcgu.o:(wasmer_vm::libcalls::function_pointer::h3a2cb0a840d039f9) in archive /home/davide/Downloads/proj_javescript/wasm-debug-suite/memlayout/target/debug/deps/libwasmer_vm-4758504d63bef672.rlib
          
          rust-lld: error: undefined symbol: llvm::PassBuilder::crossRegisterProxies(llvm::AnalysisManager<llvm::Loop, llvm::LoopStandardAnalysisResults&>&, llvm::AnalysisManager<llvm::Function>&, llvm::AnalysisManager<llvm::LazyCallGraph::SCC, llvm::LazyCallGraph&>&, llvm::AnalysisManager<llvm::Module>&, llvm::AnalysisManager<llvm::MachineFunction>*)
          >>> referenced by ScopInliner.cpp.o:((anonymous namespace)::ScopInliner::runOnSCC(llvm::CallGraphSCC&)) in archive /home/davide/Downloads/proj_javescript/wasm-debug-suite/memlayout/target/debug/deps/libllvm_sys-559f3f104210a677.rlib
          
          rust-lld: error: undefined symbol: llvm::CleanupInstaller::~CleanupInstaller()
          >>> referenced by DumpFunctionPass.cpp.o:((anonymous namespace)::runDumpFunction(llvm::Function&, llvm::StringRef)) in archive /home/davide/Downloads/proj_javescript/wasm-debug-suite/memlayout/target/debug/deps/libllvm_sys-559f3f104210a677.rlib
          >>> referenced by DumpModulePass.cpp.o:((anonymous namespace)::runDumpModule(llvm::Module&, llvm::StringRef, bool)) in archive /home/davide/Downloads/proj_javescript/wasm-debug-suite/memlayout/target/debug/deps/libllvm_sys-559f3f104210a677.rlib
          >>> referenced by JSONExporter.cpp.o:(exportScop(polly::Scop&)) in archive /home/davide/Downloads/proj_javescript/wasm-debug-suite/memlayout/target/debug/deps/libllvm_sys-559f3f104210a677.rlib
          
          rust-lld: error: undefined symbol: llvm::Function::getDataLayout() const
          >>> referenced by ScopBuilder.cpp.o:(polly::ScopBuilder::getNonHoistableCtx(polly::MemoryAccess*, isl::union_map)) in archive /home/davide/Downloads/proj_javescript/wasm-debug-suite/memlayout/target/debug/deps/libllvm_sys-559f3f104210a677.rlib
          >>> referenced by BlockGenerators.cpp.o:(polly::BlockGenerator::trySynthesizeNewValue(polly::ScopStmt&, llvm::Value*, llvm::DenseMap<llvm::AssertingVH<llvm::Value>, llvm::AssertingVH<llvm::Value>, llvm::DenseMapInfo<llvm::AssertingVH<llvm::Value>, void>, llvm::detail::DenseMapPair<llvm::AssertingVH<llvm::Value>, llvm::AssertingVH<llvm::Value>>>&, llvm::DenseMap<llvm::Loop const*, llvm::SCEV const*, llvm::DenseMapInfo<llvm::Loop const*, void>, llvm::detail::DenseMapPair<llvm::Loop const*, llvm::SCEV const*>>&, llvm::Loop*) const) in archive /home/davide/Downloads/proj_javescript/wasm-debug-suite/memlayout/target/debug/deps/libllvm_sys-559f3f104210a677.rlib
          >>> referenced by CodeGeneration.cpp.o:(generateCode(polly::Scop&, polly::IslAstInfo&, llvm::LoopInfo&, llvm::DominatorTree&, llvm::ScalarEvolution&, llvm::RegionInfo&)) in archive /home/davide/Downloads/proj_javescript/wasm-debug-suite/memlayout/target/debug/deps/libllvm_sys-559f3f104210a677.rlib
          >>> referenced 2 more times
          
          rust-lld: error: undefined symbol: llvm::Instruction::getDataLayout() const
          >>> referenced by ScopBuilder.cpp.o:(polly::ScopBuilder::canAlwaysBeHoisted(polly::MemoryAccess*, bool, bool, bool)) in archive /home/davide/Downloads/proj_javescript/wasm-debug-suite/memlayout/target/debug/deps/libllvm_sys-559f3f104210a677.rlib
          
          rust-lld: error: undefined symbol: llvm::BinaryOperator::Create(llvm::Instruction::BinaryOps, llvm::Value*, llvm::Value*, llvm::Twine const&, llvm::InsertPosition)
          >>> referenced by PerfMonitor.cpp.o:(polly::PerfMonitor::insertFinalReporting()) in archive /home/davide/Downloads/proj_javescript/wasm-debug-suite/memlayout/target/debug/deps/libllvm_sys-559f3f104210a677.rlib
          >>> referenced by PerfMonitor.cpp.o:(polly::PerfMonitor::insertRegionEnd(llvm::Instruction*)) in archive /home/davide/Downloads/proj_javescript/wasm-debug-suite/memlayout/target/debug/deps/libllvm_sys-559f3f104210a677.rlib
          >>> referenced by PerfMonitor.cpp.o:(polly::PerfMonitor::insertRegionEnd(llvm::Instruction*)) in archive /home/davide/Downloads/proj_javescript/wasm-debug-suite/memlayout/target/debug/deps/libllvm_sys-559f3f104210a677.rlib
          >>> referenced 25 more times
          
          rust-lld: error: undefined symbol: llvm::ReturnInst::ReturnInst(llvm::LLVMContext&, llvm::Value*, llvm::InsertPosition)
          >>> referenced by PerfMonitor.cpp.o:(polly::PerfMonitor::insertFinalReporting()) in archive /home/davide/Downloads/proj_javescript/wasm-debug-suite/memlayout/target/debug/deps/libllvm_sys-559f3f104210a677.rlib
          >>> referenced by PerfMonitor.cpp.o:(polly::PerfMonitor::insertFinalReporting()) in archive /home/davide/Downloads/proj_javescript/wasm-debug-suite/memlayout/target/debug/deps/libllvm_sys-559f3f104210a677.rlib
          >>> referenced by PerfMonitor.cpp.o:(polly::PerfMonitor::AppendScopReporting()) in archive /home/davide/Downloads/proj_javescript/wasm-debug-suite/memlayout/target/debug/deps/libllvm_sys-559f3f104210a677.rlib
          >>> referenced 4 more times
          
          rust-lld: error: undefined symbol: llvm::BranchInst::BranchInst(llvm::BasicBlock*, llvm::BasicBlock*, llvm::Value*, llvm::InsertPosition)
          >>> referenced by PerfMonitor.cpp.o:(polly::PerfMonitor::insertInitFunction(llvm::Function*)) in archive /home/davide/Downloads/proj_javescript/wasm-debug-suite/memlayout/target/debug/deps/libllvm_sys-559f3f104210a677.rlib
          >>> referenced by LoopGeneratorsGOMP.cpp.o:(polly::ParallelLoopGeneratorGOMP::createSubFn(llvm::Value*, llvm::AllocaInst*, llvm::SetVector<llvm::Value*, llvm::SmallVector<llvm::Value*, 0u>, llvm::DenseSet<llvm::Value*, llvm::DenseMapInfo<llvm::Value*, void>>, 0u>, llvm::DenseMap<llvm::AssertingVH<llvm::Value>, llvm::AssertingVH<llvm::Value>, llvm::DenseMapInfo<llvm::AssertingVH<llvm::Value>, void>, llvm::detail::DenseMapPair<llvm::AssertingVH<llvm::Value>, llvm::AssertingVH<llvm::Value>>>&)) in archive /home/davide/Downloads/proj_javescript/wasm-debug-suite/memlayout/target/debug/deps/libllvm_sys-559f3f104210a677.rlib
          >>> referenced by LoopGeneratorsKMP.cpp.o:(polly::ParallelLoopGeneratorKMP::createSubFn(llvm::Value*, llvm::AllocaInst*, llvm::SetVector<llvm::Value*, llvm::SmallVector<llvm::Value*, 0u>, llvm::DenseSet<llvm::Value*, llvm::DenseMapInfo<llvm::Value*, void>>, 0u>, llvm::DenseMap<llvm::AssertingVH<llvm::Value>, llvm::AssertingVH<llvm::Value>, llvm::DenseMapInfo<llvm::AssertingVH<llvm::Value>, void>, llvm::detail::DenseMapPair<llvm::AssertingVH<llvm::Value>, llvm::AssertingVH<llvm::Value>>>&)) in archive /home/davide/Downloads/proj_javescript/wasm-debug-suite/memlayout/target/debug/deps/libllvm_sys-559f3f104210a677.rlib
          >>> referenced 9 more times
          
          rust-lld: error: undefined symbol: llvm::BranchInst::BranchInst(llvm::BasicBlock*, llvm::InsertPosition)
          >>> referenced by LoopGeneratorsGOMP.cpp.o:(polly::ParallelLoopGeneratorGOMP::createSubFn(llvm::Value*, llvm::AllocaInst*, llvm::SetVector<llvm::Value*, llvm::SmallVector<llvm::Value*, 0u>, llvm::DenseSet<llvm::Value*, llvm::DenseMapInfo<llvm::Value*, void>>, 0u>, llvm::DenseMap<llvm::AssertingVH<llvm::Value>, llvm::AssertingVH<llvm::Value>, llvm::DenseMapInfo<llvm::AssertingVH<llvm::Value>, void>, llvm::detail::DenseMapPair<llvm::AssertingVH<llvm::Value>, llvm::AssertingVH<llvm::Value>>>&)) in archive /home/davide/Downloads/proj_javescript/wasm-debug-suite/memlayout/target/debug/deps/libllvm_sys-559f3f104210a677.rlib
          >>> referenced by LoopGeneratorsGOMP.cpp.o:(polly::ParallelLoopGeneratorGOMP::createSubFn(llvm::Value*, llvm::AllocaInst*, llvm::SetVector<llvm::Value*, llvm::SmallVector<llvm::Value*, 0u>, llvm::DenseSet<llvm::Value*, llvm::DenseMapInfo<llvm::Value*, void>>, 0u>, llvm::DenseMap<llvm::AssertingVH<llvm::Value>, llvm::AssertingVH<llvm::Value>, llvm::DenseMapInfo<llvm::AssertingVH<llvm::Value>, void>, llvm::detail::DenseMapPair<llvm::AssertingVH<llvm::Value>, llvm::AssertingVH<llvm::Value>>>&)) in archive /home/davide/Downloads/proj_javescript/wasm-debug-suite/memlayout/target/debug/deps/libllvm_sys-559f3f104210a677.rlib
          >>> referenced by LoopGenerators.cpp.o:(polly::createLoop(llvm::Value*, llvm::Value*, llvm::Value*, llvm::IRBuilder<llvm::ConstantFolder, polly::IRInserter>&, llvm::LoopInfo&, llvm::DominatorTree&, llvm::BasicBlock*&, llvm::CmpInst::Predicate, polly::ScopAnnotator*, bool, bool, bool)) in archive /home/davide/Downloads/proj_javescript/wasm-debug-suite/memlayout/target/debug/deps/libllvm_sys-559f3f104210a677.rlib
          >>> referenced 8 more times
          
          rust-lld: error: undefined symbol: llvm::CastInst::Create(llvm::Instruction::CastOps, llvm::Value*, llvm::Type*, llvm::Twine const&, llvm::InsertPosition)
          >>> referenced by LoopGeneratorsGOMP.cpp.o:(polly::ParallelLoopGeneratorGOMP::createSubFn(llvm::Value*, llvm::AllocaInst*, llvm::SetVector<llvm::Value*, llvm::SmallVector<llvm::Value*, 0u>, llvm::DenseSet<llvm::Value*, llvm::DenseMapInfo<llvm::Value*, void>>, 0u>, llvm::DenseMap<llvm::AssertingVH<llvm::Value>, llvm::AssertingVH<llvm::Value>, llvm::DenseMapInfo<llvm::AssertingVH<llvm::Value>, void>, llvm::detail::DenseMapPair<llvm::AssertingVH<llvm::Value>, llvm::AssertingVH<llvm::Value>>>&)) in archive /home/davide/Downloads/proj_javescript/wasm-debug-suite/memlayout/target/debug/deps/libllvm_sys-559f3f104210a677.rlib
          >>> referenced by IslExprBuilder.cpp.o:(llvm::IRBuilderBase::CreateSExtOrTrunc(llvm::Value*, llvm::Type*, llvm::Twine const&)) in archive /home/davide/Downloads/proj_javescript/wasm-debug-suite/memlayout/target/debug/deps/libllvm_sys-559f3f104210a677.rlib
          
          rust-lld: error: undefined symbol: llvm::CastInst::CreatePointerBitCastOrAddrSpaceCast(llvm::Value*, llvm::Type*, llvm::Twine const&, llvm::InsertPosition)
          >>> referenced by LoopGeneratorsKMP.cpp.o:(llvm::IRBuilderBase::CreatePointerBitCastOrAddrSpaceCast(llvm::Value*, llvm::Type*, llvm::Twine const&)) in archive /home/davide/Downloads/proj_javescript/wasm-debug-suite/memlayout/target/debug/deps/libllvm_sys-559f3f104210a677.rlib
          
          rust-lld: error: undefined symbol: llvm::SplitBlock(llvm::BasicBlock*, llvm::ilist_iterator_w_bits<llvm::ilist_detail::node_options<llvm::Instruction, false, false, void, true, llvm::BasicBlock>, false, false>, llvm::DominatorTree*, llvm::LoopInfo*, llvm::MemorySSAUpdater*, llvm::Twine const&, bool)
          >>> referenced by LoopGenerators.cpp.o:(polly::createLoop(llvm::Value*, llvm::Value*, llvm::Value*, llvm::IRBuilder<llvm::ConstantFolder, polly::IRInserter>&, llvm::LoopInfo&, llvm::DominatorTree&, llvm::BasicBlock*&, llvm::CmpInst::Predicate, polly::ScopAnnotator*, bool, bool, bool)) in archive /home/davide/Downloads/proj_javescript/wasm-debug-suite/memlayout/target/debug/deps/libllvm_sys-559f3f104210a677.rlib
          >>> referenced by BlockGenerators.cpp.o:(polly::BlockGenerator::copyBB(polly::ScopStmt&, llvm::BasicBlock*, llvm::DenseMap<llvm::AssertingVH<llvm::Value>, llvm::AssertingVH<llvm::Value>, llvm::DenseMapInfo<llvm::AssertingVH<llvm::Value>, void>, llvm::detail::DenseMapPair<llvm::AssertingVH<llvm::Value>, llvm::AssertingVH<llvm::Value>>>&, llvm::DenseMap<llvm::Loop const*, llvm::SCEV const*, llvm::DenseMapInfo<llvm::Loop const*, void>, llvm::detail::DenseMapPair<llvm::Loop const*, llvm::SCEV const*>>&, isl_id_to_ast_expr*)) in archive /home/davide/Downloads/proj_javescript/wasm-debug-suite/memlayout/target/debug/deps/libllvm_sys-559f3f104210a677.rlib
          >>> referenced by IslExprBuilder.cpp.o:(polly::IslExprBuilder::createOpBooleanConditional(isl_ast_expr*)) in archive /home/davide/Downloads/proj_javescript/wasm-debug-suite/memlayout/target/debug/deps/libllvm_sys-559f3f104210a677.rlib
          >>> referenced 10 more times
          
          rust-lld: error: undefined symbol: llvm::AllocaInst::AllocaInst(llvm::Type*, unsigned int, llvm::Value*, llvm::Twine const&, llvm::InsertPosition)
          >>> referenced by LoopGenerators.cpp.o:(polly::ParallelLoopGenerator::storeValuesIntoStruct(llvm::SetVector<llvm::Value*, llvm::SmallVector<llvm::Value*, 0u>, llvm::DenseSet<llvm::Value*, llvm::DenseMapInfo<llvm::Value*, void>>, 0u>&)) in archive /home/davide/Downloads/proj_javescript/wasm-debug-suite/memlayout/target/debug/deps/libllvm_sys-559f3f104210a677.rlib
          
          rust-lld: error: undefined symbol: llvm::IRBuilderBase::CreateGlobalString(llvm::StringRef, llvm::Twine const&, unsigned int, llvm::Module*, bool)
          >>> referenced by RuntimeDebugBuilder.cpp.o:(llvm::IRBuilderBase::CreateGlobalStringPtr(llvm::StringRef, llvm::Twine const&, unsigned int, llvm::Module*, bool)) in archive /home/davide/Downloads/proj_javescript/wasm-debug-suite/memlayout/target/debug/deps/libllvm_sys-559f3f104210a677.rlib
          
          rust-lld: error: undefined symbol: llvm::ConstantExpr::getGetElementPtr(llvm::Type*, llvm::Constant*, llvm::ArrayRef<llvm::Value*>, llvm::GEPNoWrapFlags, std::optional<llvm::ConstantRange>, llvm::Type*)
          >>> referenced by RuntimeDebugBuilder.cpp.o:(llvm::ConstantExpr::getGetElementPtr(llvm::Type*, llvm::Constant*, llvm::ArrayRef<llvm::Constant*>, llvm::GEPNoWrapFlags, std::optional<llvm::ConstantRange>, llvm::Type*)) in archive /home/davide/Downloads/proj_javescript/wasm-debug-suite/memlayout/target/debug/deps/libllvm_sys-559f3f104210a677.rlib
          
          rust-lld: error: undefined symbol: llvm::SplitBlockAndInsertIfThen(llvm::Value*, llvm::ilist_iterator_w_bits<llvm::ilist_detail::node_options<llvm::Instruction, false, false, void, true, llvm::BasicBlock>, false, false>, bool, llvm::MDNode*, llvm::DomTreeUpdater*, llvm::LoopInfo*, llvm::BasicBlock*)
          >>> referenced by BlockGenerators.cpp.o:(polly::BlockGenerator::generateConditionalExecution(polly::ScopStmt&, isl::set const&, llvm::StringRef, std::function<void ()> const&)) in archive /home/davide/Downloads/proj_javescript/wasm-debug-suite/memlayout/target/debug/deps/libllvm_sys-559f3f104210a677.rlib
          
          rust-lld: error: undefined symbol: llvm::GetElementPtrInst::setNoWrapFlags(llvm::GEPNoWrapFlags)
          >>> referenced by IslExprBuilder.cpp.o:(llvm::IRBuilderBase::CreateGEP(llvm::Type*, llvm::Value*, llvm::ArrayRef<llvm::Value*>, llvm::Twine const&, llvm::GEPNoWrapFlags)) in archive /home/davide/Downloads/proj_javescript/wasm-debug-suite/memlayout/target/debug/deps/libllvm_sys-559f3f104210a677.rlib
          
          rust-lld: error: undefined symbol: llvm::BasicBlock::getDataLayout() const
          >>> referenced by BlockGenerators.cpp.o:(polly::BlockGenerator::getOrCreateAlloca(polly::ScopArrayInfo const*)) in archive /home/davide/Downloads/proj_javescript/wasm-debug-suite/memlayout/target/debug/deps/libllvm_sys-559f3f104210a677.rlib
          
          rust-lld: error: undefined symbol: llvm::AllocaInst::AllocaInst(llvm::Type*, unsigned int, llvm::Value*, llvm::Align, llvm::Twine const&, llvm::InsertPosition)
          >>> referenced by BlockGenerators.cpp.o:(polly::BlockGenerator::getOrCreateAlloca(polly::ScopArrayInfo const*)) in archive /home/davide/Downloads/proj_javescript/wasm-debug-suite/memlayout/target/debug/deps/libllvm_sys-559f3f104210a677.rlib
          
          rust-lld: error: undefined symbol: llvm::Instruction::Instruction(llvm::Type*, unsigned int, llvm::Use*, unsigned int, llvm::InsertPosition)
          >>> referenced by IslExprBuilder.cpp.o:(llvm::ExtractValueInst::Create(llvm::Value*, llvm::ArrayRef<unsigned int>, llvm::Twine const&, llvm::InsertPosition)) in archive /home/davide/Downloads/proj_javescript/wasm-debug-suite/memlayout/target/debug/deps/libllvm_sys-559f3f104210a677.rlib
          >>> referenced by BlockGenerators.cpp.o:(polly::BlockGenerator::createScalarFinalization(polly::Scop&)) in archive /home/davide/Downloads/proj_javescript/wasm-debug-suite/memlayout/target/debug/deps/libllvm_sys-559f3f104210a677.rlib
          >>> referenced by BlockGenerators.cpp.o:(polly::BlockGenerator::createExitPHINodeMerges(polly::Scop&)) in archive /home/davide/Downloads/proj_javescript/wasm-debug-suite/memlayout/target/debug/deps/libllvm_sys-559f3f104210a677.rlib
          >>> referenced 3 more times
          
          rust-lld: error: too many errors emitted, stopping now (use --error-limit=0 to see all errors)
          collect2: error: ld returned 1 exit status
          

warning: `memlayout` (bin "memlayout") generated 55 warnings
warning: memlayout@0.1.0: ðŸ”— Using LLVM 18 from /usr/lib/llvm-18
error: could not compile `memlayout` (bin "memlayout") due to 1 previous error; 55 warnings emitted
